execve("/usr/bin/fastfetch", ["fastfetch", "-c", "defaultNew.jsonc"], 0x7ffc22de5be0 /* 32 vars */) = 0
brk(NULL)                               = 0x638acd16d000
access("/etc/ld.so.preload", R_OK)      = -1 ENOENT (No such file or directory)
openat(AT_FDCWD, "/etc/ld.so.cache", O_RDONLY|O_CLOEXEC) = 4
fstat(4, {st_mode=S_IFREG|0644, st_size=120131, ...}) = 0
mmap(NULL, 120131, PROT_READ, MAP_PRIVATE, 4, 0) = 0x71d75dd8a000
close(4)                                = 0
openat(AT_FDCWD, "/usr/lib/libyyjson.so.0", O_RDONLY|O_CLOEXEC) = 4
read(4, "\177ELF\2\1\1\0\0\0\0\0\0\0\0\0\3\0>\0\1\0\0\0\0\0\0\0\0\0\0\0"..., 832) = 832
fstat(4, {st_mode=S_IFREG|0755, st_size=235464, ...}) = 0
mmap(NULL, 8192, PROT_READ|PROT_WRITE, MAP_PRIVATE|MAP_ANONYMOUS, -1, 0) = 0x71d75dd88000
mmap(NULL, 237584, PROT_READ, MAP_PRIVATE|MAP_DENYWRITE, 4, 0) = 0x71d75dd4d000
mmap(0x71d75dd4f000, 200704, PROT_READ|PROT_EXEC, MAP_PRIVATE|MAP_FIXED|MAP_DENYWRITE, 4, 0x2000) = 0x71d75dd4f000
mmap(0x71d75dd80000, 24576, PROT_READ, MAP_PRIVATE|MAP_FIXED|MAP_DENYWRITE, 4, 0x33000) = 0x71d75dd80000
mmap(0x71d75dd86000, 8192, PROT_READ|PROT_WRITE, MAP_PRIVATE|MAP_FIXED|MAP_DENYWRITE, 4, 0x38000) = 0x71d75dd86000
close(4)                                = 0
openat(AT_FDCWD, "/usr/lib/libm.so.6", O_RDONLY|O_CLOEXEC) = 4
read(4, "\177ELF\2\1\1\3\0\0\0\0\0\0\0\0\3\0>\0\1\0\0\0\0\0\0\0\0\0\0\0"..., 832) = 832
fstat(4, {st_mode=S_IFREG|0755, st_size=1014104, ...}) = 0
mmap(NULL, 1012040, PROT_READ, MAP_PRIVATE|MAP_DENYWRITE, 4, 0) = 0x71d75dc55000
mmap(0x71d75dc64000, 548864, PROT_READ|PROT_EXEC, MAP_PRIVATE|MAP_FIXED|MAP_DENYWRITE, 4, 0xf000) = 0x71d75dc64000
mmap(0x71d75dcea000, 397312, PROT_READ, MAP_PRIVATE|MAP_FIXED|MAP_DENYWRITE, 4, 0x95000) = 0x71d75dcea000
mmap(0x71d75dd4b000, 8192, PROT_READ|PROT_WRITE, MAP_PRIVATE|MAP_FIXED|MAP_DENYWRITE, 4, 0xf6000) = 0x71d75dd4b000
close(4)                                = 0
openat(AT_FDCWD, "/usr/lib/libgcc_s.so.1", O_RDONLY|O_CLOEXEC) = 4
read(4, "\177ELF\2\1\1\0\0\0\0\0\0\0\0\0\3\0>\0\1\0\0\0\0\0\0\0\0\0\0\0"..., 832) = 832
fstat(4, {st_mode=S_IFREG|0644, st_size=906008, ...}) = 0
mmap(NULL, 180712, PROT_READ, MAP_PRIVATE|MAP_DENYWRITE, 4, 0) = 0x71d75dc28000
mmap(0x71d75dc2c000, 143360, PROT_READ|PROT_EXEC, MAP_PRIVATE|MAP_FIXED|MAP_DENYWRITE, 4, 0x4000) = 0x71d75dc2c000
mmap(0x71d75dc4f000, 16384, PROT_READ, MAP_PRIVATE|MAP_FIXED|MAP_DENYWRITE, 4, 0x27000) = 0x71d75dc4f000
mmap(0x71d75dc53000, 8192, PROT_READ|PROT_WRITE, MAP_PRIVATE|MAP_FIXED|MAP_DENYWRITE, 4, 0x2a000) = 0x71d75dc53000
close(4)                                = 0
openat(AT_FDCWD, "/usr/lib/libc.so.6", O_RDONLY|O_CLOEXEC) = 4
read(4, "\177ELF\2\1\1\3\0\0\0\0\0\0\0\0\3\0>\0\1\0\0\0px\2\0\0\0\0\0"..., 832) = 832
pread64(4, "\6\0\0\0\4\0\0\0@\0\0\0\0\0\0\0@\0\0\0\0\0\0\0@\0\0\0\0\0\0\0"..., 840, 64) = 840
fstat(4, {st_mode=S_IFREG|0755, st_size=2006328, ...}) = 0
pread64(4, "\6\0\0\0\4\0\0\0@\0\0\0\0\0\0\0@\0\0\0\0\0\0\0@\0\0\0\0\0\0\0"..., 840, 64) = 840
mmap(NULL, 2030680, PROT_READ, MAP_PRIVATE|MAP_DENYWRITE, 4, 0) = 0x71d75da38000
mmap(0x71d75da5c000, 1507328, PROT_READ|PROT_EXEC, MAP_PRIVATE|MAP_FIXED|MAP_DENYWRITE, 4, 0x24000) = 0x71d75da5c000
mmap(0x71d75dbcc000, 319488, PROT_READ, MAP_PRIVATE|MAP_FIXED|MAP_DENYWRITE, 4, 0x194000) = 0x71d75dbcc000
mmap(0x71d75dc1a000, 24576, PROT_READ|PROT_WRITE, MAP_PRIVATE|MAP_FIXED|MAP_DENYWRITE, 4, 0x1e1000) = 0x71d75dc1a000
mmap(0x71d75dc20000, 31832, PROT_READ|PROT_WRITE, MAP_PRIVATE|MAP_FIXED|MAP_ANONYMOUS, -1, 0) = 0x71d75dc20000
close(4)                                = 0
mmap(NULL, 8192, PROT_READ|PROT_WRITE, MAP_PRIVATE|MAP_ANONYMOUS, -1, 0) = 0x71d75da36000
arch_prctl(ARCH_SET_FS, 0x71d75da370c0) = 0
set_tid_address(0x71d75da37390)         = 20429
set_robust_list(0x71d75da373a0, 24)     = 0
rseq(0x71d75da37000, 0x20, 0, 0x53053053) = 0
mprotect(0x71d75dc1a000, 16384, PROT_READ) = 0
mprotect(0x71d75dc53000, 4096, PROT_READ) = 0
mprotect(0x71d75dd4b000, 4096, PROT_READ) = 0
mprotect(0x71d75dd86000, 4096, PROT_READ) = 0
mprotect(0x638a94a55000, 106496, PROT_READ) = 0
mprotect(0x71d75dde3000, 8192, PROT_READ) = 0
prlimit64(0, RLIMIT_STACK, NULL, {rlim_cur=8192*1024, rlim_max=RLIM64_INFINITY}) = 0
munmap(0x71d75dd8a000, 120131)          = 0
getrandom("\x1c\x03\xec\x99\x5c\x99\x0a\x9b", 8, GRND_NONBLOCK) = 8
brk(NULL)                               = 0x638acd16d000
brk(0x638acd18e000)                     = 0x638acd18e000
openat(AT_FDCWD, "/usr/lib/locale/locale-archive", O_RDONLY|O_CLOEXEC) = 4
fstat(4, {st_mode=S_IFREG|0644, st_size=3063024, ...}) = 0
mmap(NULL, 3063024, PROT_READ, MAP_PRIVATE, 4, 0) = 0x71d75d600000
close(4)                                = 0
getuid()                                = 1000
newfstatat(AT_FDCWD, "/etc/nsswitch.conf", {st_mode=S_IFREG|0644, st_size=359, ...}, 0) = 0
newfstatat(AT_FDCWD, "/", {st_mode=S_IFDIR|0755, st_size=4096, ...}, 0) = 0
openat(AT_FDCWD, "/etc/nsswitch.conf", O_RDONLY|O_CLOEXEC) = 4
fstat(4, {st_mode=S_IFREG|0644, st_size=359, ...}) = 0
read(4, "# Name Service Switch configurat"..., 4096) = 359
read(4, "", 4096)                       = 0
fstat(4, {st_mode=S_IFREG|0644, st_size=359, ...}) = 0
close(4)                                = 0
openat(AT_FDCWD, "/etc/passwd", O_RDONLY|O_CLOEXEC) = 4
fstat(4, {st_mode=S_IFREG|0644, st_size=1208, ...}) = 0
lseek(4, 0, SEEK_SET)                   = 0
read(4, "root:x:0:0::/root:/usr/bin/bash\n"..., 4096) = 1208
close(4)                                = 0
uname({sysname="Linux", nodename="vorsvArch", ...}) = 0
readlink("/proc/self/exe", "/usr/bin/fastfetch", 4096) = 18
readlink("/usr", 0x7ffc8b637960, 1023)  = -1 EINVAL (Invalid argument)
readlink("/usr/bin", 0x7ffc8b637960, 1023) = -1 EINVAL (Invalid argument)
readlink("/usr/bin/fastfetch", 0x7ffc8b637960, 1023) = -1 EINVAL (Invalid argument)
newfstatat(AT_FDCWD, "/home/vorsv/.config/", {st_mode=S_IFDIR|0755, st_size=4096, ...}, 0) = 0
newfstatat(AT_FDCWD, "/home/vorsv/", {st_mode=S_IFDIR|0700, st_size=4096, ...}, 0) = 0
newfstatat(AT_FDCWD, "/etc/xdg/", {st_mode=S_IFDIR|0755, st_size=4096, ...}, 0) = 0
newfstatat(AT_FDCWD, "/etc/", {st_mode=S_IFDIR|0755, st_size=4096, ...}, 0) = 0
newfstatat(AT_FDCWD, "/etc/", {st_mode=S_IFDIR|0755, st_size=4096, ...}, 0) = 0
newfstatat(AT_FDCWD, "/home/vorsv/.local/share/", {st_mode=S_IFDIR|0755, st_size=4096, ...}, 0) = 0
newfstatat(AT_FDCWD, "/usr/share", {st_mode=S_IFDIR|0755, st_size=4096, ...}, 0) = 0
newfstatat(AT_FDCWD, "/home/vorsv/", {st_mode=S_IFDIR|0700, st_size=4096, ...}, 0) = 0
newfstatat(AT_FDCWD, "/usr/local/share/", {st_mode=S_IFDIR|0755, st_size=4096, ...}, 0) = 0
newfstatat(AT_FDCWD, "/usr/share/", {st_mode=S_IFDIR|0755, st_size=4096, ...}, 0) = 0
ioctl(1, TCGETS, {c_iflag=ICRNL|IUTF8, c_oflag=NL0|CR0|TAB0|BS0|VT0|FF0|OPOST|ONLCR, c_cflag=B38400|CS8|CREAD, c_lflag=ISIG|ICANON|ECHO|ECHOE|ECHOK|IEXTEN|ECHOCTL|ECHOKE, ...}) = 0
openat(AT_FDCWD, "defaultNew.jsonc", O_RDONLY|O_CLOEXEC) = 4
lseek(4, 0, SEEK_CUR)                   = 0
fstat(4, {st_mode=S_IFREG|0644, st_size=8514, ...}) = 0
fstat(4, {st_mode=S_IFREG|0644, st_size=8514, ...}) = 0
lseek(4, 8192, SEEK_SET)                = 8192
read(4, "\"type\": \"custom\",\n            \"k"..., 322) = 322
lseek(4, 0, SEEK_SET)                   = 0
read(4, "{\n    \"$schema\": \"https://github"..., 8192) = 8192
read(4, "\"type\": \"custom\",\n            \"k"..., 4096) = 322
close(4)                                = 0
openat(AT_FDCWD, "/etc/ld.so.cache", O_RDONLY|O_CLOEXEC) = 4
fstat(4, {st_mode=S_IFREG|0644, st_size=120131, ...}) = 0
mmap(NULL, 120131, PROT_READ, MAP_PRIVATE, 4, 0) = 0x71d75dd8a000
close(4)                                = 0
openat(AT_FDCWD, "/usr/lib/libz.so", O_RDONLY|O_CLOEXEC) = 4
read(4, "\177ELF\2\1\1\0\0\0\0\0\0\0\0\0\3\0>\0\1\0\0\0\0\0\0\0\0\0\0\0"..., 832) = 832
fstat(4, {st_mode=S_IFREG|0755, st_size=100368, ...}) = 0
mmap(NULL, 98320, PROT_READ, MAP_PRIVATE|MAP_DENYWRITE, 4, 0) = 0x71d75da1d000
mmap(0x71d75da20000, 57344, PROT_READ|PROT_EXEC, MAP_PRIVATE|MAP_FIXED|MAP_DENYWRITE, 4, 0x3000) = 0x71d75da20000
mmap(0x71d75da2e000, 24576, PROT_READ, MAP_PRIVATE|MAP_FIXED|MAP_DENYWRITE, 4, 0x11000) = 0x71d75da2e000
mmap(0x71d75da34000, 8192, PROT_READ|PROT_WRITE, MAP_PRIVATE|MAP_FIXED|MAP_DENYWRITE, 4, 0x17000) = 0x71d75da34000
close(4)                                = 0
mprotect(0x71d75da34000, 4096, PROT_READ) = 0
munmap(0x71d75dd8a000, 120131)          = 0
newfstatat(AT_FDCWD, "/etc/resolv.conf", {st_mode=S_IFREG|0644, st_size=53, ...}, 0) = 0
openat(AT_FDCWD, "/etc/host.conf", O_RDONLY|O_CLOEXEC) = 4
fstat(4, {st_mode=S_IFREG|0644, st_size=73, ...}) = 0
read(4, "# Resolver configuration file.\n#"..., 4096) = 73
read(4, "", 4096)                       = 0
close(4)                                = 0
futex(0x71d75dc2672c, FUTEX_WAKE_PRIVATE, 2147483647) = 0
openat(AT_FDCWD, "/etc/resolv.conf", O_RDONLY|O_CLOEXEC) = 4
fstat(4, {st_mode=S_IFREG|0644, st_size=53, ...}) = 0
read(4, "# Generated by NetworkManager\nna"..., 4096) = 53
read(4, "", 4096)                       = 0
uname({sysname="Linux", nodename="vorsvArch", ...}) = 0
fstat(4, {st_mode=S_IFREG|0644, st_size=53, ...}) = 0
close(4)                                = 0
newfstatat(AT_FDCWD, "/etc/nsswitch.conf", {st_mode=S_IFREG|0644, st_size=359, ...}, 0) = 0
openat(AT_FDCWD, "/etc/ld.so.cache", O_RDONLY|O_CLOEXEC) = 4
fstat(4, {st_mode=S_IFREG|0644, st_size=120131, ...}) = 0
mmap(NULL, 120131, PROT_READ, MAP_PRIVATE, 4, 0) = 0x71d75dd8a000
close(4)                                = 0
openat(AT_FDCWD, "/usr/lib/libnss_mymachines.so.2", O_RDONLY|O_CLOEXEC) = 4
read(4, "\177ELF\2\1\1\0\0\0\0\0\0\0\0\0\3\0>\0\1\0\0\0\0\0\0\0\0\0\0\0"..., 832) = 832
fstat(4, {st_mode=S_IFREG|0755, st_size=373904, ...}) = 0
mmap(NULL, 373848, PROT_READ, MAP_PRIVATE|MAP_DENYWRITE, 4, 0) = 0x71d75d9c1000
mmap(0x71d75d9c5000, 258048, PROT_READ|PROT_EXEC, MAP_PRIVATE|MAP_FIXED|MAP_DENYWRITE, 4, 0x4000) = 0x71d75d9c5000
mmap(0x71d75da04000, 81920, PROT_READ, MAP_PRIVATE|MAP_FIXED|MAP_DENYWRITE, 4, 0x43000) = 0x71d75da04000
mmap(0x71d75da18000, 16384, PROT_READ|PROT_WRITE, MAP_PRIVATE|MAP_FIXED|MAP_DENYWRITE, 4, 0x57000) = 0x71d75da18000
mmap(0x71d75da1c000, 1112, PROT_READ|PROT_WRITE, MAP_PRIVATE|MAP_FIXED|MAP_ANONYMOUS, -1, 0) = 0x71d75da1c000
close(4)                                = 0
openat(AT_FDCWD, "/usr/lib/libcap.so.2", O_RDONLY|O_CLOEXEC) = 4
read(4, "\177ELF\2\1\1\0\0\0\0\0\0\0\0\0\3\0>\0\1\0\0\0@|\0\0\0\0\0\0"..., 832) = 832
fstat(4, {st_mode=S_IFREG|0755, st_size=43064, ...}) = 0
mmap(NULL, 45128, PROT_READ, MAP_PRIVATE|MAP_DENYWRITE, 4, 0) = 0x71d75d9b5000
mmap(0x71d75d9b8000, 20480, PROT_READ|PROT_EXEC, MAP_PRIVATE|MAP_FIXED|MAP_DENYWRITE, 4, 0x3000) = 0x71d75d9b8000
mmap(0x71d75d9bd000, 8192, PROT_READ, MAP_PRIVATE|MAP_FIXED|MAP_DENYWRITE, 4, 0x8000) = 0x71d75d9bd000
mmap(0x71d75d9bf000, 8192, PROT_READ|PROT_WRITE, MAP_PRIVATE|MAP_FIXED|MAP_DENYWRITE, 4, 0x9000) = 0x71d75d9bf000
close(4)                                = 0
mprotect(0x71d75d9bf000, 4096, PROT_READ) = 0
mprotect(0x71d75da18000, 12288, PROT_READ) = 0
prctl(PR_CAPBSET_READ, CAP_MAC_OVERRIDE) = 1
prctl(PR_CAPBSET_READ, 0x30 /* CAP_??? */) = -1 EINVAL (Invalid argument)
prctl(PR_CAPBSET_READ, CAP_CHECKPOINT_RESTORE) = 1
prctl(PR_CAPBSET_READ, 0x2c /* CAP_??? */) = -1 EINVAL (Invalid argument)
prctl(PR_CAPBSET_READ, 0x2a /* CAP_??? */) = -1 EINVAL (Invalid argument)
prctl(PR_CAPBSET_READ, 0x29 /* CAP_??? */) = -1 EINVAL (Invalid argument)
munmap(0x71d75dd8a000, 120131)          = 0
rt_sigprocmask(SIG_BLOCK, [HUP USR1 USR2 PIPE ALRM CHLD TSTP URG VTALRM PROF WINCH IO], [], 8) = 0
futex(0x71d75da1bbb8, FUTEX_WAKE_PRIVATE, 2147483647) = 0
openat(AT_FDCWD, "/run/systemd/machines/ipinfo.io", O_RDONLY|O_CLOEXEC) = -1 ENOENT (No such file or directory)
rt_sigprocmask(SIG_SETMASK, [], NULL, 8) = 0
openat(AT_FDCWD, "/etc/ld.so.cache", O_RDONLY|O_CLOEXEC) = 4
fstat(4, {st_mode=S_IFREG|0644, st_size=120131, ...}) = 0
mmap(NULL, 120131, PROT_READ, MAP_PRIVATE, 4, 0) = 0x71d75dd8a000
close(4)                                = 0
openat(AT_FDCWD, "/usr/lib/libnss_resolve.so.2", O_RDONLY|O_CLOEXEC) = 4
read(4, "\177ELF\2\1\1\0\0\0\0\0\0\0\0\0\3\0>\0\1\0\0\0\0\0\0\0\0\0\0\0"..., 832) = 832
fstat(4, {st_mode=S_IFREG|0755, st_size=203120, ...}) = 0
mmap(NULL, 207208, PROT_READ, MAP_PRIVATE|MAP_DENYWRITE, 4, 0) = 0x71d75d982000
mmap(0x71d75d985000, 143360, PROT_READ|PROT_EXEC, MAP_PRIVATE|MAP_FIXED|MAP_DENYWRITE, 4, 0x3000) = 0x71d75d985000
mmap(0x71d75d9a8000, 40960, PROT_READ, MAP_PRIVATE|MAP_FIXED|MAP_DENYWRITE, 4, 0x26000) = 0x71d75d9a8000
mmap(0x71d75d9b2000, 12288, PROT_READ|PROT_WRITE, MAP_PRIVATE|MAP_FIXED|MAP_DENYWRITE, 4, 0x2f000) = 0x71d75d9b2000
close(4)                                = 0
mprotect(0x71d75d9b2000, 8192, PROT_READ) = 0
munmap(0x71d75dd8a000, 120131)          = 0
rt_sigprocmask(SIG_BLOCK, [HUP USR1 USR2 PIPE ALRM CHLD TSTP URG VTALRM PROF WINCH IO], [], 8) = 0
futex(0x71d75d9b40ec, FUTEX_WAKE_PRIVATE, 2147483647) = 0
socket(AF_UNIX, SOCK_STREAM|SOCK_CLOEXEC|SOCK_NONBLOCK, 0) = 4
connect(4, {sa_family=AF_UNIX, sun_path="/run/systemd/resolve/io.systemd.Resolve"}, 42) = -1 ENOENT (No such file or directory)
close(4)                                = 0
rt_sigprocmask(SIG_SETMASK, [], NULL, 8) = 0
openat(AT_FDCWD, "/etc/hosts", O_RDONLY|O_CLOEXEC) = 4
fstat(4, {st_mode=S_IFREG|0644, st_size=168, ...}) = 0
lseek(4, 0, SEEK_SET)                   = 0
read(4, "# Static table lookup for hostna"..., 4096) = 168
read(4, "", 4096)                       = 0
close(4)                                = 0
openat(AT_FDCWD, "/etc/ld.so.cache", O_RDONLY|O_CLOEXEC) = 4
fstat(4, {st_mode=S_IFREG|0644, st_size=120131, ...}) = 0
mmap(NULL, 120131, PROT_READ, MAP_PRIVATE, 4, 0) = 0x71d75dd8a000
close(4)                                = 0
openat(AT_FDCWD, "/usr/lib/libnss_myhostname.so.2", O_RDONLY|O_CLOEXEC) = 4
read(4, "\177ELF\2\1\1\0\0\0\0\0\0\0\0\0\3\0>\0\1\0\0\0\0\0\0\0\0\0\0\0"..., 832) = 832
fstat(4, {st_mode=S_IFREG|0755, st_size=170240, ...}) = 0
mmap(NULL, 174424, PROT_READ, MAP_PRIVATE|MAP_DENYWRITE, 4, 0) = 0x71d75d957000
mmap(0x71d75d95a000, 86016, PROT_READ|PROT_EXEC, MAP_PRIVATE|MAP_FIXED|MAP_DENYWRITE, 4, 0x3000) = 0x71d75d95a000
mmap(0x71d75d96f000, 53248, PROT_READ, MAP_PRIVATE|MAP_FIXED|MAP_DENYWRITE, 4, 0x18000) = 0x71d75d96f000
mmap(0x71d75d97c000, 24576, PROT_READ|PROT_WRITE, MAP_PRIVATE|MAP_FIXED|MAP_DENYWRITE, 4, 0x24000) = 0x71d75d97c000
close(4)                                = 0
mprotect(0x71d75d97c000, 20480, PROT_READ) = 0
munmap(0x71d75dd8a000, 120131)          = 0
rt_sigprocmask(SIG_BLOCK, [HUP USR1 USR2 PIPE ALRM CHLD TSTP URG VTALRM PROF WINCH IO], [], 8) = 0
uname({sysname="Linux", nodename="vorsvArch", ...}) = 0
rt_sigprocmask(SIG_SETMASK, [], NULL, 8) = 0
socket(AF_INET, SOCK_DGRAM|SOCK_CLOEXEC|SOCK_NONBLOCK, IPPROTO_IP) = 4
setsockopt(4, SOL_IP, IP_RECVERR, [1], 4) = 0
connect(4, {sa_family=AF_INET, sin_port=htons(53), sin_addr=inet_addr("192.168.1.1")}, 16) = 0
poll([{fd=4, events=POLLOUT}], 1, 0)    = 1 ([{fd=4, revents=POLLOUT}])
sendto(4, "\327U\1\0\0\1\0\0\0\0\0\0\6ipinfo\2io\0\0\1\0\1", 27, MSG_NOSIGNAL, NULL, 0) = 27
poll([{fd=4, events=POLLIN}], 1, 5000)  = 1 ([{fd=4, revents=POLLIN}])
ioctl(4, FIONREAD, [43])                = 0
recvfrom(4, "\327U\201\200\0\1\0\1\0\0\0\0\6ipinfo\2io\0\0\1\0\1\300\f\0\1\0"..., 1024, 0, {sa_family=AF_INET, sin_port=htons(53), sin_addr=inet_addr("192.168.1.1")}, [28 => 16]) = 43
close(4)                                = 0
socket(AF_INET, SOCK_STREAM, IPPROTO_TCP) = 4
setsockopt(4, SOL_TCP, TCP_NODELAY, [1], 4) = 0
setsockopt(4, SOL_TCP, TCP_QUICKACK, [1], 4) = 0
setsockopt(4, SOL_TCP, TCP_FASTOPEN, [5], 4) = 0
sendto(4, "GET /json HTTP/1.0\nHost: ipinfo."..., 80, MSG_DONTWAIT|MSG_NOSIGNAL|MSG_FASTOPEN, {sa_family=AF_INET, sin_port=htons(80), sin_addr=inet_addr("34.117.59.81")}, 16) = 80
rt_sigaction(SIGINT, {sa_handler=0x638a94918790, sa_mask=[], sa_flags=SA_RESTORER, sa_restorer=0x71d75da75ef0}, NULL, 8) = 0
rt_sigaction(SIGTERM, {sa_handler=0x638a94918790, sa_mask=[], sa_flags=SA_RESTORER, sa_restorer=0x71d75da75ef0}, NULL, 8) = 0
rt_sigaction(SIGQUIT, {sa_handler=0x638a94918790, sa_mask=[], sa_flags=SA_RESTORER, sa_restorer=0x71d75da75ef0}, NULL, 8) = 0
rt_sigaction(SIGCHLD, {sa_handler=0x638a94917e00, sa_mask=[], sa_flags=SA_RESTORER, sa_restorer=0x71d75da75ef0}, NULL, 8) = 0
fstat(1, {st_mode=S_IFCHR|0620, st_rdev=makedev(0x88, 0), ...}) = 0
openat(AT_FDCWD, "/bedrock/etc/bedrock-release", O_RDONLY) = -1 ENOENT (No such file or directory)
openat(AT_FDCWD, "/etc/os-release", O_RDONLY) = 5
fstat(5, {st_mode=S_IFREG|0644, st_size=382, ...}) = 0
read(5, "NAME=\"Arch Linux\"\nPRETTY_NAME=\"A"..., 4096) = 382
read(5, "", 4096)                       = 0
close(5)                                = 0
openat(AT_FDCWD, "/etc/lsb-release", O_RDONLY) = -1 ENOENT (No such file or directory)
openat(AT_FDCWD, "/usr/lib/os-release", O_RDONLY) = 5
fstat(5, {st_mode=S_IFREG|0644, st_size=382, ...}) = 0
read(5, "NAME=\"Arch Linux\"\nPRETTY_NAME=\"A"..., 4096) = 382
read(5, "", 4096)                       = 0
close(5)                                = 0
write(1, "\33[36m                  -`\n      "..., 602) = 602
write(1, "\33[m\33[?7l\n\n\n\n\n\n\n\n\n\n\n\n\n\n\n\n\n\n\n", 27) = 27
write(1, "\33[?7h", 5)                  = 5
exit_group(0)                           = ?
+++ exited with 0 +++
